0 info it worked if it ends with ok
1 verbose cli [ '/usr/local/bin/node', '/usr/local/bin/npm', 'run', 'ghpages' ]
2 info using npm@3.10.3
3 info using node@v4.4.7
4 verbose stack Error: ENOENT: no such file or directory, open '/Users/adrielzarate/Desktop/hhba2016-argentina-vote/package.json'
4 verbose stack     at Error (native)
5 verbose cwd /Users/adrielzarate/Desktop/hhba2016-argentina-vote
6 error Darwin 15.5.0
7 error argv "/usr/local/bin/node" "/usr/local/bin/npm" "run" "ghpages"
8 error node v4.4.7
9 error npm  v3.10.3
10 error path /Users/adrielzarate/Desktop/hhba2016-argentina-vote/package.json
11 error code ENOENT
12 error errno -2
13 error syscall open
14 error enoent ENOENT: no such file or directory, open '/Users/adrielzarate/Desktop/hhba2016-argentina-vote/package.json'
15 error enoent ENOENT: no such file or directory, open '/Users/adrielzarate/Desktop/hhba2016-argentina-vote/package.json'
15 error enoent This is most likely not a problem with npm itself
15 error enoent and is related to npm not being able to find a file.
16 verbose exit [ -2, true ]
